Using pre-set license
Built from '2020.3/staging' branch; Version is '2020.3.13f1 (71691879b7f5) revision 7432472'; Using compiler version '192528614'; Build Type 'Release'
OS: 'Windows 10 Pro; OS build 19042.1110; Version 2009; 64bit' Language: 'es' Physical Memory: 16289 MB
BatchMode: 1, IsHumanControllingUs: 0, StartBugReporterOnCrash: 0, Is64bit: 1, IsPro: 0

 COMMAND LINE ARGUMENTS:
C:\Program Files\Unity\Hub\Editor\2020.3.13f1\Editor\Unity.exe
-adb2
-batchMode
-noUpm
-name
AssetImportWorker11
-projectPath
C:/Users/Jose Miguel Upia/Documents/GitHub/ALIEN_VS_BALLOON/Alien_vs_Globos
-logFile
Logs/AssetImportWorker11.log
-srvPort
53130
Successfully changed project path to: C:/Users/Jose Miguel Upia/Documents/GitHub/ALIEN_VS_BALLOON/Alien_vs_Globos
C:/Users/Jose Miguel Upia/Documents/GitHub/ALIEN_VS_BALLOON/Alien_vs_Globos
Using Asset Import Pipeline V2.
Refreshing native plugins compatible for Editor in 357.72 ms, found 3 plugins.
Preloading 0 native plugins for Editor in 0.00 ms.
Initialize engine version: 2020.3.13f1 (71691879b7f5)
[Subsystems] Discovering subsystems at path C:/Program Files/Unity/Hub/Editor/2020.3.13f1/Editor/Data/Resources/UnitySubsystems
[Subsystems] Discovering subsystems at path C:/Users/Jose Miguel Upia/Documents/GitHub/ALIEN_VS_BALLOON/Alien_vs_Globos/Assets
GfxDevice: creating device client; threaded=0
Direct3D:
    Version:  Direct3D 11.0 [level 11.1]
    Renderer: Intel(R) HD Graphics Family (ID=0xa16)
    Vendor:   
    VRAM:     2048 MB
    Driver:   20.19.15.4835
Initialize mono
Mono path[0] = 'C:/Program Files/Unity/Hub/Editor/2020.3.13f1/Editor/Data/Managed'
Mono path[1] = 'C:/Program Files/Unity/Hub/Editor/2020.3.13f1/Editor/Data/MonoBleedingEdge/lib/mono/unityjit'
Mono config path = 'C:/Program Files/Unity/Hub/Editor/2020.3.13f1/Editor/Data/MonoBleedingEdge/etc'
Using monoOptions --debugger-agent=transport=dt_socket,embedding=1,server=y,suspend=n,address=127.0.0.1:56092
Begin MonoManager ReloadAssembly
Registering precompiled unity dll's ...
Register platform support module: C:/Program Files/Unity/Hub/Editor/2020.3.13f1/Editor/Data/PlaybackEngines/WindowsStandaloneSupport/UnityEditor.WindowsStandalone.Extensions.dll
Registered in 0.010001 seconds.
Native extension for WindowsStandalone target not found
Refreshing native plugins compatible for Editor in 359.45 ms, found 3 plugins.
Preloading 0 native plugins for Editor in 0.00 ms.
Mono: successfully reloaded assembly
- Completed reload, in  9.894 seconds
Platform modules already initialized, skipping
Registering precompiled user dll's ...
Registered in 0.027571 seconds.
Begin MonoManager ReloadAssembly
Native extension for WindowsStandalone target not found
Refreshing native plugins compatible for Editor in 227.58 ms, found 3 plugins.
Preloading 0 native plugins for Editor in 0.00 ms.
Mono: successfully reloaded assembly
- Completed reload, in  6.188 seconds
Platform modules already initialized, skipping
========================================================================
Worker process is ready to serve import requests
Launched and connected shader compiler UnityShaderCompiler.exe after 0.19 seconds
Refreshing native plugins compatible for Editor in 4.26 ms, found 3 plugins.
Preloading 0 native plugins for Editor in 0.00 ms.
Unloading 2088 Unused Serialized files (Serialized files now loaded: 0)
System memory in use before: 93.8 MB.
System memory in use after: 93.7 MB.

Unloading 33 unused Assets to reduce memory usage. Loaded Objects now: 2522.
Total: 16.128400 ms (FindLiveObjects: 1.158700 ms CreateObjectMapping: 0.748200 ms MarkObjects: 13.371600 ms  DeleteObjects: 0.844000 ms)

AssetImportParameters requested are different than current active one (requested -> active):
  custom:framework-win-MediaFoundation: 216162199b28c13a410421893ffa2e32 -> 
  custom:video-decoder-ogg-theora: a1e56fd34408186e4bbccfd4996cb3dc -> 
  custom:container-muxer-webm: aa71ff27fc2769a1b78a27578f13a17b -> 
  custom:container-demuxer-webm: 4f35f7cbe854078d1ac9338744f61a02 -> 
  custom:container-demuxer-ogg: 62fdf1f143b41e24485cea50d1cbac27 -> 
  custom:video-encoder-webm-vp8: eb34c28f22e8b96e1ab97ce403110664 -> 
  custom:video-decoder-webm-vp8: 9c59270c3fd7afecdb556c50c9e8de78 -> 
  custom:audio-decoder-ogg-vorbis: bf7c407c2cedff20999df2af8eb42d56 -> 
  custom:audio-encoder-webm-vorbis: bf7c407c2cedff20999df2af8eb42d56 -> 
========================================================================
Received Import Request.
  path: Assets/Script/CambiarScenes.cs
  artifactKey: Guid(854a67c8742098a41bfdc7a80c5e3799) Importer(815301076,1909f56bfc062723c751e8b465ee728b)
Start importing Assets/Script/CambiarScenes.cs using Guid(854a67c8742098a41bfdc7a80c5e3799) Importer(815301076,1909f56bfc062723c751e8b465ee728b)  -> (artifact id: '8d05e8ae1d5ec8da7e99ebdbc66635c6') in 0.243421 seconds 
  Import took 0.277892 seconds .

========================================================================
Received Prepare
Registering precompiled user dll's ...
Registered in 0.062555 seconds.
Begin MonoManager ReloadAssembly
Native extension for WindowsStandalone target not found
Refreshing native plugins compatible for Editor in 1.66 ms, found 3 plugins.
Preloading 0 native plugins for Editor in 0.00 ms.
Mono: successfully reloaded assembly
- Completed reload, in  7.542 seconds
Platform modules already initialized, skipping
Refreshing native plugins compatible for Editor in 8.42 ms, found 3 plugins.
Preloading 0 native plugins for Editor in 0.00 ms.
Unloading 2083 Unused Serialized files (Serialized files now loaded: 0)
System memory in use before: 93.7 MB.
System memory in use after: 93.7 MB.

Unloading 21 unused Assets to reduce memory usage. Loaded Objects now: 2526.
Total: 10.960600 ms (FindLiveObjects: 0.706700 ms CreateObjectMapping: 0.507500 ms MarkObjects: 9.363400 ms  DeleteObjects: 0.378300 ms)

AssetImportParameters requested are different than current active one (requested -> active):
  custom:framework-win-MediaFoundation: 216162199b28c13a410421893ffa2e32 -> 
  custom:video-decoder-ogg-theora: a1e56fd34408186e4bbccfd4996cb3dc -> 
  custom:container-muxer-webm: aa71ff27fc2769a1b78a27578f13a17b -> 
  custom:container-demuxer-webm: 4f35f7cbe854078d1ac9338744f61a02 -> 
  custom:container-demuxer-ogg: 62fdf1f143b41e24485cea50d1cbac27 -> 
  custom:video-encoder-webm-vp8: eb34c28f22e8b96e1ab97ce403110664 -> 
  custom:video-decoder-webm-vp8: 9c59270c3fd7afecdb556c50c9e8de78 -> 
  custom:audio-decoder-ogg-vorbis: bf7c407c2cedff20999df2af8eb42d56 -> 
  custom:audio-encoder-webm-vorbis: bf7c407c2cedff20999df2af8eb42d56 -> 
========================================================================
Received Prepare
Registering precompiled user dll's ...
Registered in 0.026541 seconds.
Begin MonoManager ReloadAssembly
Native extension for WindowsStandalone target not found
Refreshing native plugins compatible for Editor in 1.58 ms, found 3 plugins.
Preloading 0 native plugins for Editor in 0.00 ms.
Mono: successfully reloaded assembly
- Completed reload, in  6.973 seconds
Platform modules already initialized, skipping
Refreshing native plugins compatible for Editor in 2.80 ms, found 3 plugins.
Preloading 0 native plugins for Editor in 0.00 ms.
Unloading 2083 Unused Serialized files (Serialized files now loaded: 0)
System memory in use before: 93.8 MB.
System memory in use after: 93.8 MB.

Unloading 21 unused Assets to reduce memory usage. Loaded Objects now: 2530.
Total: 9.571700 ms (FindLiveObjects: 0.880400 ms CreateObjectMapping: 0.404400 ms MarkObjects: 7.713700 ms  DeleteObjects: 0.567700 ms)

AssetImportParameters requested are different than current active one (requested -> active):
  custom:framework-win-MediaFoundation: 216162199b28c13a410421893ffa2e32 -> 
  custom:video-decoder-ogg-theora: a1e56fd34408186e4bbccfd4996cb3dc -> 
  custom:container-muxer-webm: aa71ff27fc2769a1b78a27578f13a17b -> 
  custom:container-demuxer-webm: 4f35f7cbe854078d1ac9338744f61a02 -> 
  custom:container-demuxer-ogg: 62fdf1f143b41e24485cea50d1cbac27 -> 
  custom:video-encoder-webm-vp8: eb34c28f22e8b96e1ab97ce403110664 -> 
  custom:video-decoder-webm-vp8: 9c59270c3fd7afecdb556c50c9e8de78 -> 
  custom:audio-decoder-ogg-vorbis: bf7c407c2cedff20999df2af8eb42d56 -> 
  custom:audio-encoder-webm-vorbis: bf7c407c2cedff20999df2af8eb42d56 -> 
========================================================================
Received Prepare
Registering precompiled user dll's ...
Registered in 0.021097 seconds.
Begin MonoManager ReloadAssembly
Native extension for WindowsStandalone target not found
Refreshing native plugins compatible for Editor in 1.66 ms, found 3 plugins.
Preloading 0 native plugins for Editor in 0.00 ms.
Mono: successfully reloaded assembly
- Completed reload, in  8.022 seconds
Platform modules already initialized, skipping
Refreshing native plugins compatible for Editor in 2.81 ms, found 3 plugins.
Preloading 0 native plugins for Editor in 0.00 ms.
Unloading 2083 Unused Serialized files (Serialized files now loaded: 0)
System memory in use before: 93.8 MB.
System memory in use after: 93.8 MB.

Unloading 21 unused Assets to reduce memory usage. Loaded Objects now: 2534.
Total: 10.522700 ms (FindLiveObjects: 0.994600 ms CreateObjectMapping: 0.404900 ms MarkObjects: 8.608200 ms  DeleteObjects: 0.509600 ms)

AssetImportParameters requested are different than current active one (requested -> active):
  custom:framework-win-MediaFoundation: 216162199b28c13a410421893ffa2e32 -> 
  custom:video-decoder-ogg-theora: a1e56fd34408186e4bbccfd4996cb3dc -> 
  custom:container-muxer-webm: aa71ff27fc2769a1b78a27578f13a17b -> 
  custom:container-demuxer-webm: 4f35f7cbe854078d1ac9338744f61a02 -> 
  custom:container-demuxer-ogg: 62fdf1f143b41e24485cea50d1cbac27 -> 
  custom:video-encoder-webm-vp8: eb34c28f22e8b96e1ab97ce403110664 -> 
  custom:video-decoder-webm-vp8: 9c59270c3fd7afecdb556c50c9e8de78 -> 
  custom:audio-decoder-ogg-vorbis: bf7c407c2cedff20999df2af8eb42d56 -> 
  custom:audio-encoder-webm-vorbis: bf7c407c2cedff20999df2af8eb42d56 -> 
========================================================================
Received Prepare
Registering precompiled user dll's ...
Registered in 0.023245 seconds.
Begin MonoManager ReloadAssembly
Native extension for WindowsStandalone target not found
Refreshing native plugins compatible for Editor in 1.74 ms, found 3 plugins.
Preloading 0 native plugins for Editor in 0.00 ms.
Mono: successfully reloaded assembly
- Completed reload, in  5.564 seconds
Platform modules already initialized, skipping
Refreshing native plugins compatible for Editor in 3.33 ms, found 3 plugins.
Preloading 0 native plugins for Editor in 0.00 ms.
Unloading 2083 Unused Serialized files (Serialized files now loaded: 0)
System memory in use before: 93.8 MB.
System memory in use after: 93.8 MB.

Unloading 21 unused Assets to reduce memory usage. Loaded Objects now: 2538.
Total: 9.325600 ms (FindLiveObjects: 0.646600 ms CreateObjectMapping: 0.531500 ms MarkObjects: 7.747500 ms  DeleteObjects: 0.395500 ms)

AssetImportParameters requested are different than current active one (requested -> active):
  custom:framework-win-MediaFoundation: 216162199b28c13a410421893ffa2e32 -> 
  custom:video-decoder-ogg-theora: a1e56fd34408186e4bbccfd4996cb3dc -> 
  custom:container-muxer-webm: aa71ff27fc2769a1b78a27578f13a17b -> 
  custom:container-demuxer-webm: 4f35f7cbe854078d1ac9338744f61a02 -> 
  custom:container-demuxer-ogg: 62fdf1f143b41e24485cea50d1cbac27 -> 
  custom:video-encoder-webm-vp8: eb34c28f22e8b96e1ab97ce403110664 -> 
  custom:video-decoder-webm-vp8: 9c59270c3fd7afecdb556c50c9e8de78 -> 
  custom:audio-decoder-ogg-vorbis: bf7c407c2cedff20999df2af8eb42d56 -> 
  custom:audio-encoder-webm-vorbis: bf7c407c2cedff20999df2af8eb42d56 -> 
========================================================================
Received Prepare
Registering precompiled user dll's ...
Registered in 0.023054 seconds.
Begin MonoManager ReloadAssembly
Native extension for WindowsStandalone target not found
Refreshing native plugins compatible for Editor in 2.56 ms, found 3 plugins.
Preloading 0 native plugins for Editor in 0.00 ms.
Mono: successfully reloaded assembly
- Completed reload, in  6.664 seconds
Platform modules already initialized, skipping
Refreshing native plugins compatible for Editor in 2.61 ms, found 3 plugins.
Preloading 0 native plugins for Editor in 0.00 ms.
Unloading 2083 Unused Serialized files (Serialized files now loaded: 0)
System memory in use before: 93.9 MB.
System memory in use after: 93.8 MB.

Unloading 21 unused Assets to reduce memory usage. Loaded Objects now: 2542.
Total: 8.988800 ms (FindLiveObjects: 0.540600 ms CreateObjectMapping: 0.332600 ms MarkObjects: 7.715500 ms  DeleteObjects: 0.395700 ms)

AssetImportParameters requested are different than current active one (requested -> active):
  custom:framework-win-MediaFoundation: 216162199b28c13a410421893ffa2e32 -> 
  custom:video-decoder-ogg-theora: a1e56fd34408186e4bbccfd4996cb3dc -> 
  custom:container-muxer-webm: aa71ff27fc2769a1b78a27578f13a17b -> 
  custom:container-demuxer-webm: 4f35f7cbe854078d1ac9338744f61a02 -> 
  custom:container-demuxer-ogg: 62fdf1f143b41e24485cea50d1cbac27 -> 
  custom:video-encoder-webm-vp8: eb34c28f22e8b96e1ab97ce403110664 -> 
  custom:video-decoder-webm-vp8: 9c59270c3fd7afecdb556c50c9e8de78 -> 
  custom:audio-decoder-ogg-vorbis: bf7c407c2cedff20999df2af8eb42d56 -> 
  custom:audio-encoder-webm-vorbis: bf7c407c2cedff20999df2af8eb42d56 -> 
========================================================================
Received Prepare
Registering precompiled user dll's ...
Registered in 0.018735 seconds.
Begin MonoManager ReloadAssembly
Native extension for WindowsStandalone target not found
Refreshing native plugins compatible for Editor in 1.78 ms, found 3 plugins.
Preloading 0 native plugins for Editor in 0.00 ms.
Mono: successfully reloaded assembly
- Completed reload, in  6.565 seconds
Platform modules already initialized, skipping
Refreshing native plugins compatible for Editor in 4.10 ms, found 3 plugins.
Preloading 0 native plugins for Editor in 0.00 ms.
Unloading 2083 Unused Serialized files (Serialized files now loaded: 0)
System memory in use before: 93.9 MB.
System memory in use after: 93.8 MB.

Unloading 21 unused Assets to reduce memory usage. Loaded Objects now: 2546.
Total: 11.093900 ms (FindLiveObjects: 0.698700 ms CreateObjectMapping: 0.506700 ms MarkObjects: 9.361000 ms  DeleteObjects: 0.522800 ms)

AssetImportParameters requested are different than current active one (requested -> active):
  custom:framework-win-MediaFoundation: 216162199b28c13a410421893ffa2e32 -> 
  custom:video-decoder-ogg-theora: a1e56fd34408186e4bbccfd4996cb3dc -> 
  custom:container-muxer-webm: aa71ff27fc2769a1b78a27578f13a17b -> 
  custom:container-demuxer-webm: 4f35f7cbe854078d1ac9338744f61a02 -> 
  custom:container-demuxer-ogg: 62fdf1f143b41e24485cea50d1cbac27 -> 
  custom:video-encoder-webm-vp8: eb34c28f22e8b96e1ab97ce403110664 -> 
  custom:video-decoder-webm-vp8: 9c59270c3fd7afecdb556c50c9e8de78 -> 
  custom:audio-decoder-ogg-vorbis: bf7c407c2cedff20999df2af8eb42d56 -> 
  custom:audio-encoder-webm-vorbis: bf7c407c2cedff20999df2af8eb42d56 -> 
========================================================================
Received Prepare
Registering precompiled user dll's ...
Registered in 0.026240 seconds.
Begin MonoManager ReloadAssembly
Native extension for WindowsStandalone target not found
Refreshing native plugins compatible for Editor in 2.76 ms, found 3 plugins.
Preloading 0 native plugins for Editor in 0.00 ms.
Mono: successfully reloaded assembly
- Completed reload, in  6.638 seconds
Platform modules already initialized, skipping
Refreshing native plugins compatible for Editor in 2.80 ms, found 3 plugins.
Preloading 0 native plugins for Editor in 0.00 ms.
Unloading 2083 Unused Serialized files (Serialized files now loaded: 0)
System memory in use before: 93.9 MB.
System memory in use after: 93.9 MB.

Unloading 21 unused Assets to reduce memory usage. Loaded Objects now: 2550.
Total: 9.867500 ms (FindLiveObjects: 0.698200 ms CreateObjectMapping: 0.500000 ms MarkObjects: 8.298200 ms  DeleteObjects: 0.367500 ms)

AssetImportParameters requested are different than current active one (requested -> active):
  custom:framework-win-MediaFoundation: 216162199b28c13a410421893ffa2e32 -> 
  custom:video-decoder-ogg-theora: a1e56fd34408186e4bbccfd4996cb3dc -> 
  custom:container-muxer-webm: aa71ff27fc2769a1b78a27578f13a17b -> 
  custom:container-demuxer-webm: 4f35f7cbe854078d1ac9338744f61a02 -> 
  custom:container-demuxer-ogg: 62fdf1f143b41e24485cea50d1cbac27 -> 
  custom:video-encoder-webm-vp8: eb34c28f22e8b96e1ab97ce403110664 -> 
  custom:video-decoder-webm-vp8: 9c59270c3fd7afecdb556c50c9e8de78 -> 
  custom:audio-decoder-ogg-vorbis: bf7c407c2cedff20999df2af8eb42d56 -> 
  custom:audio-encoder-webm-vorbis: bf7c407c2cedff20999df2af8eb42d56 -> 
========================================================================
Received Prepare
Registering precompiled user dll's ...
Registered in 0.020632 seconds.
Begin MonoManager ReloadAssembly
Native extension for WindowsStandalone target not found
Refreshing native plugins compatible for Editor in 1.65 ms, found 3 plugins.
Preloading 0 native plugins for Editor in 0.00 ms.
Mono: successfully reloaded assembly
- Completed reload, in  6.575 seconds
Platform modules already initialized, skipping
Refreshing native plugins compatible for Editor in 2.37 ms, found 3 plugins.
Preloading 0 native plugins for Editor in 0.00 ms.
Unloading 2083 Unused Serialized files (Serialized files now loaded: 0)
System memory in use before: 93.9 MB.
System memory in use after: 93.9 MB.

Unloading 21 unused Assets to reduce memory usage. Loaded Objects now: 2554.
Total: 8.857300 ms (FindLiveObjects: 0.549300 ms CreateObjectMapping: 0.328800 ms MarkObjects: 7.589300 ms  DeleteObjects: 0.386000 ms)

AssetImportParameters requested are different than current active one (requested -> active):
  custom:framework-win-MediaFoundation: 216162199b28c13a410421893ffa2e32 -> 
  custom:video-decoder-ogg-theora: a1e56fd34408186e4bbccfd4996cb3dc -> 
  custom:container-muxer-webm: aa71ff27fc2769a1b78a27578f13a17b -> 
  custom:container-demuxer-webm: 4f35f7cbe854078d1ac9338744f61a02 -> 
  custom:container-demuxer-ogg: 62fdf1f143b41e24485cea50d1cbac27 -> 
  custom:video-encoder-webm-vp8: eb34c28f22e8b96e1ab97ce403110664 -> 
  custom:video-decoder-webm-vp8: 9c59270c3fd7afecdb556c50c9e8de78 -> 
  custom:audio-decoder-ogg-vorbis: bf7c407c2cedff20999df2af8eb42d56 -> 
  custom:audio-encoder-webm-vorbis: bf7c407c2cedff20999df2af8eb42d56 -> 
========================================================================
Received Import Request.
  Time since last request: 3019.115142 seconds.
  path: Assets/ObjetosNubes/Nube1.prefab
  artifactKey: Guid(2533eeb5914c8e3439efe88a55f59bac) Importer(815301076,1909f56bfc062723c751e8b465ee728b)
Start importing Assets/ObjetosNubes/Nube1.prefab using Guid(2533eeb5914c8e3439efe88a55f59bac) Importer(815301076,1909f56bfc062723c751e8b465ee728b)  -> (artifact id: '19068aee192140bd0583c4dffaa1ab56') in 0.647591 seconds 
  Import took 0.700736 seconds .

========================================================================
Received Import Request.
  Time since last request: 1.383688 seconds.
  path: Assets/ObjetosNubes/Nube2.prefab
  artifactKey: Guid(275b3aec6281d6f4aa216497785b90fc) Importer(815301076,1909f56bfc062723c751e8b465ee728b)
Start importing Assets/ObjetosNubes/Nube2.prefab using Guid(275b3aec6281d6f4aa216497785b90fc) Importer(815301076,1909f56bfc062723c751e8b465ee728b)  -> (artifact id: '5af553ab7b2951f72d09fc5285fe725b') in 0.139860 seconds 
  Import took 0.173815 seconds .

========================================================================
Received Import Request.
  Time since last request: 1.969333 seconds.
  path: Assets/ObjetosNubes/Nube3.prefab
  artifactKey: Guid(11630f653aab17848946e2f9fe444561) Importer(815301076,1909f56bfc062723c751e8b465ee728b)
Start importing Assets/ObjetosNubes/Nube3.prefab using Guid(11630f653aab17848946e2f9fe444561) Importer(815301076,1909f56bfc062723c751e8b465ee728b)  -> (artifact id: '01f6b0309146086bdff0e5c95419b526') in 0.113911 seconds 
  Import took 0.136520 seconds .

========================================================================
Received Import Request.
  Time since last request: 0.015729 seconds.
  path: Assets/ObjetosNubes/Nube3.prefab
  artifactKey: Guid(11630f653aab17848946e2f9fe444561) Importer(815301076,1909f56bfc062723c751e8b465ee728b)
Start importing Assets/ObjetosNubes/Nube3.prefab using Guid(11630f653aab17848946e2f9fe444561) Importer(815301076,1909f56bfc062723c751e8b465ee728b)  -> (artifact id: '01f6b0309146086bdff0e5c95419b526') in 0.068108 seconds 
  Import took 0.089993 seconds .

========================================================================
Received Import Request.
  Time since last request: 2.084714 seconds.
  path: Assets/ObjetosNubes/Nube4.prefab
  artifactKey: Guid(c76dc14ed527fca4cbaa0f8b202e21ad) Importer(815301076,1909f56bfc062723c751e8b465ee728b)
Start importing Assets/ObjetosNubes/Nube4.prefab using Guid(c76dc14ed527fca4cbaa0f8b202e21ad) Importer(815301076,1909f56bfc062723c751e8b465ee728b)  -> (artifact id: '624068c926a7d89fbdf6c0c19e6d81c9') in 0.132748 seconds 
  Import took 0.151179 seconds .

========================================================================
Received Import Request.
  Time since last request: 0.002721 seconds.
  path: Assets/ObjetosNubes/Nube4.prefab
  artifactKey: Guid(c76dc14ed527fca4cbaa0f8b202e21ad) Importer(815301076,1909f56bfc062723c751e8b465ee728b)
Start importing Assets/ObjetosNubes/Nube4.prefab using Guid(c76dc14ed527fca4cbaa0f8b202e21ad) Importer(815301076,1909f56bfc062723c751e8b465ee728b)  -> (artifact id: '624068c926a7d89fbdf6c0c19e6d81c9') in 0.066332 seconds 
  Import took 0.087936 seconds .

========================================================================
Received Import Request.
  Time since last request: 2.167125 seconds.
  path: Assets/ObjetosNubes/Nube5.prefab
  artifactKey: Guid(bc4a05fc62cd4b4459faa4aeb02b0b1a) Importer(815301076,1909f56bfc062723c751e8b465ee728b)
Start importing Assets/ObjetosNubes/Nube5.prefab using Guid(bc4a05fc62cd4b4459faa4aeb02b0b1a) Importer(815301076,1909f56bfc062723c751e8b465ee728b)  -> (artifact id: '25a79002d85f10e0f481f28ef46197ac') in 0.177700 seconds 
  Import took 0.203012 seconds .

========================================================================
Received Import Request.
  Time since last request: 1.927699 seconds.
  path: Assets/ObjetosNubes/Nube6.prefab
  artifactKey: Guid(6cba691a17eb8bd449047a49f260ca45) Importer(815301076,1909f56bfc062723c751e8b465ee728b)
Start importing Assets/ObjetosNubes/Nube6.prefab using Guid(6cba691a17eb8bd449047a49f260ca45) Importer(815301076,1909f56bfc062723c751e8b465ee728b)  -> (artifact id: '71942f34b5a79605f8ef6610b80a8e26') in 0.158758 seconds 
  Import took 0.183445 seconds .

========================================================================
Received Prepare
Registering precompiled user dll's ...
Registered in 0.023486 seconds.
Begin MonoManager ReloadAssembly
Native extension for WindowsStandalone target not found
Refreshing native plugins compatible for Editor in 1.53 ms, found 3 plugins.
Preloading 0 native plugins for Editor in 0.00 ms.
Mono: successfully reloaded assembly
- Completed reload, in  6.031 seconds
Platform modules already initialized, skipping
Refreshing native plugins compatible for Editor in 2.96 ms, found 3 plugins.
Preloading 0 native plugins for Editor in 0.00 ms.
Unloading 2083 Unused Serialized files (Serialized files now loaded: 0)
System memory in use before: 96.9 MB.
System memory in use after: 96.9 MB.

Unloading 21 unused Assets to reduce memory usage. Loaded Objects now: 2565.
Total: 9.419600 ms (FindLiveObjects: 0.686800 ms CreateObjectMapping: 0.485300 ms MarkObjects: 7.859300 ms  DeleteObjects: 0.384300 ms)

AssetImportParameters requested are different than current active one (requested -> active):
  custom:framework-win-MediaFoundation: 216162199b28c13a410421893ffa2e32 -> 
  custom:video-decoder-ogg-theora: a1e56fd34408186e4bbccfd4996cb3dc -> 
  custom:container-muxer-webm: aa71ff27fc2769a1b78a27578f13a17b -> 
  custom:container-demuxer-webm: 4f35f7cbe854078d1ac9338744f61a02 -> 
  custom:container-demuxer-ogg: 62fdf1f143b41e24485cea50d1cbac27 -> 
  custom:video-encoder-webm-vp8: eb34c28f22e8b96e1ab97ce403110664 -> 
  custom:video-decoder-webm-vp8: 9c59270c3fd7afecdb556c50c9e8de78 -> 
  custom:audio-decoder-ogg-vorbis: bf7c407c2cedff20999df2af8eb42d56 -> 
  custom:audio-encoder-webm-vorbis: bf7c407c2cedff20999df2af8eb42d56 -> 
========================================================================
Received Import Request.
  Time since last request: 203.331359 seconds.
  path: Assets/ObjetosNubes/Nube1.prefab
  artifactKey: Guid(2533eeb5914c8e3439efe88a55f59bac) Importer(815301076,1909f56bfc062723c751e8b465ee728b)
Start importing Assets/ObjetosNubes/Nube1.prefab using Guid(2533eeb5914c8e3439efe88a55f59bac) Importer(815301076,1909f56bfc062723c751e8b465ee728b)  -> (artifact id: '0afe01f1ae8d6e1c6d3c35f25becc73b') in 0.369568 seconds 
  Import took 0.389954 seconds .

========================================================================
Received Import Request.
  Time since last request: 2.163716 seconds.
  path: Assets/ObjetosNubes/Nube2.prefab
  artifactKey: Guid(275b3aec6281d6f4aa216497785b90fc) Importer(815301076,1909f56bfc062723c751e8b465ee728b)
Start importing Assets/ObjetosNubes/Nube2.prefab using Guid(275b3aec6281d6f4aa216497785b90fc) Importer(815301076,1909f56bfc062723c751e8b465ee728b)  -> (artifact id: 'b8be8c2e1ce32b527f52930425ea8bbc') in 0.106946 seconds 
  Import took 0.125621 seconds .

========================================================================
Received Import Request.
  Time since last request: 0.016787 seconds.
  path: Assets/ObjetosNubes/Nube2.prefab
  artifactKey: Guid(275b3aec6281d6f4aa216497785b90fc) Importer(815301076,1909f56bfc062723c751e8b465ee728b)
Start importing Assets/ObjetosNubes/Nube2.prefab using Guid(275b3aec6281d6f4aa216497785b90fc) Importer(815301076,1909f56bfc062723c751e8b465ee728b)  -> (artifact id: 'b8be8c2e1ce32b527f52930425ea8bbc') in 0.056366 seconds 
  Import took 0.076518 seconds .

========================================================================
Received Import Request.
  Time since last request: 2.353079 seconds.
  path: Assets/ObjetosNubes/Nube3.prefab
  artifactKey: Guid(11630f653aab17848946e2f9fe444561) Importer(815301076,1909f56bfc062723c751e8b465ee728b)
Start importing Assets/ObjetosNubes/Nube3.prefab using Guid(11630f653aab17848946e2f9fe444561) Importer(815301076,1909f56bfc062723c751e8b465ee728b)  -> (artifact id: 'a114389c8fa8928e650f3f83ea036d85') in 0.093732 seconds 
  Import took 0.119155 seconds .

========================================================================
Received Import Request.
  Time since last request: 0.026068 seconds.
  path: Assets/ObjetosNubes/Nube3.prefab
  artifactKey: Guid(11630f653aab17848946e2f9fe444561) Importer(815301076,1909f56bfc062723c751e8b465ee728b)
Start importing Assets/ObjetosNubes/Nube3.prefab using Guid(11630f653aab17848946e2f9fe444561) Importer(815301076,1909f56bfc062723c751e8b465ee728b)  -> (artifact id: 'a114389c8fa8928e650f3f83ea036d85') in 0.058049 seconds 
  Import took 0.074799 seconds .

========================================================================
Received Import Request.
  Time since last request: 1.531128 seconds.
  path: Assets/ObjetosNubes/Nube4.prefab
  artifactKey: Guid(c76dc14ed527fca4cbaa0f8b202e21ad) Importer(815301076,1909f56bfc062723c751e8b465ee728b)
Start importing Assets/ObjetosNubes/Nube4.prefab using Guid(c76dc14ed527fca4cbaa0f8b202e21ad) Importer(815301076,1909f56bfc062723c751e8b465ee728b)  -> (artifact id: '76ef148b8c8b71ad36dff5ce848a7158') in 0.078540 seconds 
  Import took 0.104465 seconds .

========================================================================
Received Import Request.
  Time since last request: 0.044908 seconds.
  path: Assets/ObjetosNubes/Nube4.prefab
  artifactKey: Guid(c76dc14ed527fca4cbaa0f8b202e21ad) Importer(815301076,1909f56bfc062723c751e8b465ee728b)
Start importing Assets/ObjetosNubes/Nube4.prefab using Guid(c76dc14ed527fca4cbaa0f8b202e21ad) Importer(815301076,1909f56bfc062723c751e8b465ee728b)  -> (artifact id: '76ef148b8c8b71ad36dff5ce848a7158') in 0.058297 seconds 
  Import took 0.115296 seconds .

========================================================================
Received Import Request.
  Time since last request: 2.509534 seconds.
  path: Assets/ObjetosNubes/Nube5.prefab
  artifactKey: Guid(bc4a05fc62cd4b4459faa4aeb02b0b1a) Importer(815301076,1909f56bfc062723c751e8b465ee728b)
Start importing Assets/ObjetosNubes/Nube5.prefab using Guid(bc4a05fc62cd4b4459faa4aeb02b0b1a) Importer(815301076,1909f56bfc062723c751e8b465ee728b)  -> (artifact id: '3be1ab329f9fceefb90943fe954213b5') in 0.134998 seconds 
  Import took 0.157188 seconds .

========================================================================
Received Import Request.
  Time since last request: 0.012237 seconds.
  path: Assets/ObjetosNubes/Nube5.prefab
  artifactKey: Guid(bc4a05fc62cd4b4459faa4aeb02b0b1a) Importer(815301076,1909f56bfc062723c751e8b465ee728b)
Start importing Assets/ObjetosNubes/Nube5.prefab using Guid(bc4a05fc62cd4b4459faa4aeb02b0b1a) Importer(815301076,1909f56bfc062723c751e8b465ee728b)  -> (artifact id: '3be1ab329f9fceefb90943fe954213b5') in 0.063395 seconds 
  Import took 0.080749 seconds .

========================================================================
Received Import Request.
  Time since last request: 1.534894 seconds.
  path: Assets/ObjetosNubes/Nube6.prefab
  artifactKey: Guid(6cba691a17eb8bd449047a49f260ca45) Importer(815301076,1909f56bfc062723c751e8b465ee728b)
Start importing Assets/ObjetosNubes/Nube6.prefab using Guid(6cba691a17eb8bd449047a49f260ca45) Importer(815301076,1909f56bfc062723c751e8b465ee728b)  -> (artifact id: '0290cc3043b17487c10868284a20639e') in 0.125700 seconds 
  Import took 0.149910 seconds .

========================================================================
Received Import Request.
  Time since last request: 0.008119 seconds.
  path: Assets/ObjetosNubes/Nube6.prefab
  artifactKey: Guid(6cba691a17eb8bd449047a49f260ca45) Importer(815301076,1909f56bfc062723c751e8b465ee728b)
Start importing Assets/ObjetosNubes/Nube6.prefab using Guid(6cba691a17eb8bd449047a49f260ca45) Importer(815301076,1909f56bfc062723c751e8b465ee728b)  -> (artifact id: '0290cc3043b17487c10868284a20639e') in 0.067808 seconds 
  Import took 0.092800 seconds .

========================================================================
Received Import Request.
  Time since last request: 129.650594 seconds.
  path: Assets/Scenes/Juego.unity
  artifactKey: Guid(34769e5447195034b8c349b011ce51ef) Importer(815301076,1909f56bfc062723c751e8b465ee728b)
Start importing Assets/Scenes/Juego.unity using Guid(34769e5447195034b8c349b011ce51ef) Importer(815301076,1909f56bfc062723c751e8b465ee728b)  -> (artifact id: '0301bcbbc59248835900af7ecd8003c8') in 0.047684 seconds 
  Import took 0.077391 seconds .

========================================================================
Received Prepare
Registering precompiled user dll's ...
Registered in 0.023521 seconds.
Begin MonoManager ReloadAssembly
Native extension for WindowsStandalone target not found
Refreshing native plugins compatible for Editor in 1.49 ms, found 3 plugins.
Preloading 0 native plugins for Editor in 0.00 ms.
Mono: successfully reloaded assembly
- Completed reload, in  4.753 seconds
Platform modules already initialized, skipping
Refreshing native plugins compatible for Editor in 5.17 ms, found 3 plugins.
Preloading 0 native plugins for Editor in 0.00 ms.
Unloading 2083 Unused Serialized files (Serialized files now loaded: 0)
System memory in use before: 96.9 MB.
System memory in use after: 96.9 MB.

Unloading 21 unused Assets to reduce memory usage. Loaded Objects now: 2570.
Total: 8.982100 ms (FindLiveObjects: 0.641500 ms CreateObjectMapping: 0.519200 ms MarkObjects: 7.421700 ms  DeleteObjects: 0.396100 ms)

AssetImportParameters requested are different than current active one (requested -> active):
  custom:framework-win-MediaFoundation: 216162199b28c13a410421893ffa2e32 -> 
  custom:video-decoder-ogg-theora: a1e56fd34408186e4bbccfd4996cb3dc -> 
  custom:container-muxer-webm: aa71ff27fc2769a1b78a27578f13a17b -> 
  custom:container-demuxer-webm: 4f35f7cbe854078d1ac9338744f61a02 -> 
  custom:container-demuxer-ogg: 62fdf1f143b41e24485cea50d1cbac27 -> 
  custom:video-encoder-webm-vp8: eb34c28f22e8b96e1ab97ce403110664 -> 
  custom:video-decoder-webm-vp8: 9c59270c3fd7afecdb556c50c9e8de78 -> 
  custom:audio-decoder-ogg-vorbis: bf7c407c2cedff20999df2af8eb42d56 -> 
  custom:audio-encoder-webm-vorbis: bf7c407c2cedff20999df2af8eb42d56 -> 
========================================================================
Received Prepare
Registering precompiled user dll's ...
Registered in 0.017852 seconds.
Begin MonoManager ReloadAssembly
Native extension for WindowsStandalone target not found
Refreshing native plugins compatible for Editor in 1.54 ms, found 3 plugins.
Preloading 0 native plugins for Editor in 0.00 ms.
Mono: successfully reloaded assembly
- Completed reload, in  5.278 seconds
Platform modules already initialized, skipping
Refreshing native plugins compatible for Editor in 2.51 ms, found 3 plugins.
Preloading 0 native plugins for Editor in 0.00 ms.
Unloading 2083 Unused Serialized files (Serialized files now loaded: 0)
System memory in use before: 96.9 MB.
System memory in use after: 96.9 MB.

Unloading 21 unused Assets to reduce memory usage. Loaded Objects now: 2574.
Total: 12.104400 ms (FindLiveObjects: 1.183500 ms CreateObjectMapping: 0.515900 ms MarkObjects: 10.005900 ms  DeleteObjects: 0.394500 ms)

AssetImportParameters requested are different than current active one (requested -> active):
  custom:framework-win-MediaFoundation: 216162199b28c13a410421893ffa2e32 -> 
  custom:video-decoder-ogg-theora: a1e56fd34408186e4bbccfd4996cb3dc -> 
  custom:container-muxer-webm: aa71ff27fc2769a1b78a27578f13a17b -> 
  custom:container-demuxer-webm: 4f35f7cbe854078d1ac9338744f61a02 -> 
  custom:container-demuxer-ogg: 62fdf1f143b41e24485cea50d1cbac27 -> 
  custom:video-encoder-webm-vp8: eb34c28f22e8b96e1ab97ce403110664 -> 
  custom:video-decoder-webm-vp8: 9c59270c3fd7afecdb556c50c9e8de78 -> 
  custom:audio-decoder-ogg-vorbis: bf7c407c2cedff20999df2af8eb42d56 -> 
  custom:audio-encoder-webm-vorbis: bf7c407c2cedff20999df2af8eb42d56 -> 
========================================================================
Received Prepare
Registering precompiled user dll's ...
Registered in 0.026313 seconds.
Begin MonoManager ReloadAssembly
Native extension for WindowsStandalone target not found
Refreshing native plugins compatible for Editor in 1.60 ms, found 3 plugins.
Preloading 0 native plugins for Editor in 0.00 ms.
Mono: successfully reloaded assembly
- Completed reload, in  6.532 seconds
Platform modules already initialized, skipping
Refreshing native plugins compatible for Editor in 5.07 ms, found 3 plugins.
Preloading 0 native plugins for Editor in 0.00 ms.
Unloading 2083 Unused Serialized files (Serialized files now loaded: 0)
System memory in use before: 96.9 MB.
System memory in use after: 96.9 MB.

Unloading 21 unused Assets to reduce memory usage. Loaded Objects now: 2578.
Total: 24.326800 ms (FindLiveObjects: 1.129500 ms CreateObjectMapping: 1.043600 ms MarkObjects: 21.577200 ms  DeleteObjects: 0.570100 ms)

AssetImportParameters requested are different than current active one (requested -> active):
  custom:framework-win-MediaFoundation: 216162199b28c13a410421893ffa2e32 -> 
  custom:video-decoder-ogg-theora: a1e56fd34408186e4bbccfd4996cb3dc -> 
  custom:container-muxer-webm: aa71ff27fc2769a1b78a27578f13a17b -> 
  custom:container-demuxer-webm: 4f35f7cbe854078d1ac9338744f61a02 -> 
  custom:container-demuxer-ogg: 62fdf1f143b41e24485cea50d1cbac27 -> 
  custom:video-encoder-webm-vp8: eb34c28f22e8b96e1ab97ce403110664 -> 
  custom:video-decoder-webm-vp8: 9c59270c3fd7afecdb556c50c9e8de78 -> 
  custom:audio-decoder-ogg-vorbis: bf7c407c2cedff20999df2af8eb42d56 -> 
  custom:audio-encoder-webm-vorbis: bf7c407c2cedff20999df2af8eb42d56 -> 
========================================================================
Received Prepare
Registering precompiled user dll's ...
Registered in 0.021017 seconds.
Begin MonoManager ReloadAssembly
Native extension for WindowsStandalone target not found
Refreshing native plugins compatible for Editor in 2.63 ms, found 3 plugins.
Preloading 0 native plugins for Editor in 0.00 ms.
Mono: successfully reloaded assembly
- Completed reload, in  6.511 seconds
Platform modules already initialized, skipping
Refreshing native plugins compatible for Editor in 2.72 ms, found 3 plugins.
Preloading 0 native plugins for Editor in 0.00 ms.
Unloading 2083 Unused Serialized files (Serialized files now loaded: 0)
System memory in use before: 96.9 MB.
System memory in use after: 96.9 MB.

Unloading 21 unused Assets to reduce memory usage. Loaded Objects now: 2582.
Total: 9.157900 ms (FindLiveObjects: 0.540100 ms CreateObjectMapping: 0.350300 ms MarkObjects: 7.745600 ms  DeleteObjects: 0.517800 ms)

AssetImportParameters requested are different than current active one (requested -> active):
  custom:framework-win-MediaFoundation: 216162199b28c13a410421893ffa2e32 -> 
  custom:video-decoder-ogg-theora: a1e56fd34408186e4bbccfd4996cb3dc -> 
  custom:container-muxer-webm: aa71ff27fc2769a1b78a27578f13a17b -> 
  custom:container-demuxer-webm: 4f35f7cbe854078d1ac9338744f61a02 -> 
  custom:container-demuxer-ogg: 62fdf1f143b41e24485cea50d1cbac27 -> 
  custom:video-encoder-webm-vp8: eb34c28f22e8b96e1ab97ce403110664 -> 
  custom:video-decoder-webm-vp8: 9c59270c3fd7afecdb556c50c9e8de78 -> 
  custom:audio-decoder-ogg-vorbis: bf7c407c2cedff20999df2af8eb42d56 -> 
  custom:audio-encoder-webm-vorbis: bf7c407c2cedff20999df2af8eb42d56 -> 
========================================================================
Received Prepare
Registering precompiled user dll's ...
Registered in 0.018766 seconds.
Begin MonoManager ReloadAssembly
Native extension for WindowsStandalone target not found
Refreshing native plugins compatible for Editor in 2.69 ms, found 3 plugins.
Preloading 0 native plugins for Editor in 0.00 ms.
Mono: successfully reloaded assembly
- Completed reload, in  6.488 seconds
Platform modules already initialized, skipping
Refreshing native plugins compatible for Editor in 2.54 ms, found 3 plugins.
Preloading 0 native plugins for Editor in 0.00 ms.
Unloading 2083 Unused Serialized files (Serialized files now loaded: 0)
System memory in use before: 96.9 MB.
System memory in use after: 96.9 MB.

Unloading 21 unused Assets to reduce memory usage. Loaded Objects now: 2586.
Total: 15.657200 ms (FindLiveObjects: 3.084600 ms CreateObjectMapping: 0.778200 ms MarkObjects: 10.995300 ms  DeleteObjects: 0.793900 ms)

AssetImportParameters requested are different than current active one (requested -> active):
  custom:framework-win-MediaFoundation: 216162199b28c13a410421893ffa2e32 -> 
  custom:video-decoder-ogg-theora: a1e56fd34408186e4bbccfd4996cb3dc -> 
  custom:container-muxer-webm: aa71ff27fc2769a1b78a27578f13a17b -> 
  custom:container-demuxer-webm: 4f35f7cbe854078d1ac9338744f61a02 -> 
  custom:container-demuxer-ogg: 62fdf1f143b41e24485cea50d1cbac27 -> 
  custom:video-encoder-webm-vp8: eb34c28f22e8b96e1ab97ce403110664 -> 
  custom:video-decoder-webm-vp8: 9c59270c3fd7afecdb556c50c9e8de78 -> 
  custom:audio-decoder-ogg-vorbis: bf7c407c2cedff20999df2af8eb42d56 -> 
  custom:audio-encoder-webm-vorbis: bf7c407c2cedff20999df2af8eb42d56 -> 
========================================================================
Received Prepare
Registering precompiled user dll's ...
Registered in 0.024605 seconds.
Begin MonoManager ReloadAssembly
Native extension for WindowsStandalone target not found
Refreshing native plugins compatible for Editor in 1.60 ms, found 3 plugins.
Preloading 0 native plugins for Editor in 0.00 ms.
Mono: successfully reloaded assembly
- Completed reload, in  5.019 seconds
Platform modules already initialized, skipping
Refreshing native plugins compatible for Editor in 2.48 ms, found 3 plugins.
Preloading 0 native plugins for Editor in 0.00 ms.
Unloading 2083 Unused Serialized files (Serialized files now loaded: 0)
System memory in use before: 96.9 MB.
System memory in use after: 96.9 MB.

Unloading 21 unused Assets to reduce memory usage. Loaded Objects now: 2590.
Total: 10.159700 ms (FindLiveObjects: 1.217600 ms CreateObjectMapping: 0.988700 ms MarkObjects: 7.544400 ms  DeleteObjects: 0.404400 ms)

AssetImportParameters requested are different than current active one (requested -> active):
  custom:framework-win-MediaFoundation: 216162199b28c13a410421893ffa2e32 -> 
  custom:video-decoder-ogg-theora: a1e56fd34408186e4bbccfd4996cb3dc -> 
  custom:container-muxer-webm: aa71ff27fc2769a1b78a27578f13a17b -> 
  custom:container-demuxer-webm: 4f35f7cbe854078d1ac9338744f61a02 -> 
  custom:container-demuxer-ogg: 62fdf1f143b41e24485cea50d1cbac27 -> 
  custom:video-encoder-webm-vp8: eb34c28f22e8b96e1ab97ce403110664 -> 
  custom:video-decoder-webm-vp8: 9c59270c3fd7afecdb556c50c9e8de78 -> 
  custom:audio-decoder-ogg-vorbis: bf7c407c2cedff20999df2af8eb42d56 -> 
  custom:audio-encoder-webm-vorbis: bf7c407c2cedff20999df2af8eb42d56 -> 
========================================================================
Received Prepare
Registering precompiled user dll's ...
Registered in 0.026880 seconds.
Begin MonoManager ReloadAssembly
Native extension for WindowsStandalone target not found
Refreshing native plugins compatible for Editor in 1.60 ms, found 3 plugins.
Preloading 0 native plugins for Editor in 0.00 ms.
Mono: successfully reloaded assembly
- Completed reload, in  7.074 seconds
Platform modules already initialized, skipping
Refreshing native plugins compatible for Editor in 3.26 ms, found 3 plugins.
Preloading 0 native plugins for Editor in 0.00 ms.
Unloading 2083 Unused Serialized files (Serialized files now loaded: 0)
System memory in use before: 97.0 MB.
System memory in use after: 96.9 MB.

Unloading 21 unused Assets to reduce memory usage. Loaded Objects now: 2594.
Total: 11.269600 ms (FindLiveObjects: 0.526700 ms CreateObjectMapping: 0.335700 ms MarkObjects: 9.807500 ms  DeleteObjects: 0.595100 ms)

AssetImportParameters requested are different than current active one (requested -> active):
  custom:framework-win-MediaFoundation: 216162199b28c13a410421893ffa2e32 -> 
  custom:video-decoder-ogg-theora: a1e56fd34408186e4bbccfd4996cb3dc -> 
  custom:container-muxer-webm: aa71ff27fc2769a1b78a27578f13a17b -> 
  custom:container-demuxer-webm: 4f35f7cbe854078d1ac9338744f61a02 -> 
  custom:container-demuxer-ogg: 62fdf1f143b41e24485cea50d1cbac27 -> 
  custom:video-encoder-webm-vp8: eb34c28f22e8b96e1ab97ce403110664 -> 
  custom:video-decoder-webm-vp8: 9c59270c3fd7afecdb556c50c9e8de78 -> 
  custom:audio-decoder-ogg-vorbis: bf7c407c2cedff20999df2af8eb42d56 -> 
  custom:audio-encoder-webm-vorbis: bf7c407c2cedff20999df2af8eb42d56 -> 
========================================================================
Received Prepare
Registering precompiled user dll's ...
Registered in 0.020005 seconds.
Begin MonoManager ReloadAssembly
Native extension for WindowsStandalone target not found
Refreshing native plugins compatible for Editor in 1.53 ms, found 3 plugins.
Preloading 0 native plugins for Editor in 0.00 ms.
Mono: successfully reloaded assembly
- Completed reload, in  5.104 seconds
Platform modules already initialized, skipping
Refreshing native plugins compatible for Editor in 2.42 ms, found 3 plugins.
Preloading 0 native plugins for Editor in 0.00 ms.
Unloading 2083 Unused Serialized files (Serialized files now loaded: 0)
System memory in use before: 97.0 MB.
System memory in use after: 96.9 MB.

Unloading 21 unused Assets to reduce memory usage. Loaded Objects now: 2598.
Total: 10.777300 ms (FindLiveObjects: 0.816600 ms CreateObjectMapping: 0.540800 ms MarkObjects: 8.808300 ms  DeleteObjects: 0.607000 ms)

AssetImportParameters requested are different than current active one (requested -> active):
  custom:framework-win-MediaFoundation: 216162199b28c13a410421893ffa2e32 -> 
  custom:video-decoder-ogg-theora: a1e56fd34408186e4bbccfd4996cb3dc -> 
  custom:container-muxer-webm: aa71ff27fc2769a1b78a27578f13a17b -> 
  custom:container-demuxer-webm: 4f35f7cbe854078d1ac9338744f61a02 -> 
  custom:container-demuxer-ogg: 62fdf1f143b41e24485cea50d1cbac27 -> 
  custom:video-encoder-webm-vp8: eb34c28f22e8b96e1ab97ce403110664 -> 
  custom:video-decoder-webm-vp8: 9c59270c3fd7afecdb556c50c9e8de78 -> 
  custom:audio-decoder-ogg-vorbis: bf7c407c2cedff20999df2af8eb42d56 -> 
  custom:audio-encoder-webm-vorbis: bf7c407c2cedff20999df2af8eb42d56 -> 
========================================================================
Received Prepare
Registering precompiled user dll's ...
Registered in 0.019706 seconds.
Begin MonoManager ReloadAssembly
Native extension for WindowsStandalone target not found
Refreshing native plugins compatible for Editor in 1.56 ms, found 3 plugins.
Preloading 0 native plugins for Editor in 0.00 ms.
Mono: successfully reloaded assembly
- Completed reload, in  4.871 seconds
Platform modules already initialized, skipping
Refreshing native plugins compatible for Editor in 12.89 ms, found 3 plugins.
Preloading 0 native plugins for Editor in 0.00 ms.
Unloading 2083 Unused Serialized files (Serialized files now loaded: 0)
System memory in use before: 97.0 MB.
System memory in use after: 97.0 MB.

Unloading 21 unused Assets to reduce memory usage. Loaded Objects now: 2602.
Total: 9.437000 ms (FindLiveObjects: 0.552900 ms CreateObjectMapping: 0.347500 ms MarkObjects: 8.015700 ms  DeleteObjects: 0.516400 ms)

AssetImportParameters requested are different than current active one (requested -> active):
  custom:framework-win-MediaFoundation: 216162199b28c13a410421893ffa2e32 -> 
  custom:video-decoder-ogg-theora: a1e56fd34408186e4bbccfd4996cb3dc -> 
  custom:container-muxer-webm: aa71ff27fc2769a1b78a27578f13a17b -> 
  custom:container-demuxer-webm: 4f35f7cbe854078d1ac9338744f61a02 -> 
  custom:container-demuxer-ogg: 62fdf1f143b41e24485cea50d1cbac27 -> 
  custom:video-encoder-webm-vp8: eb34c28f22e8b96e1ab97ce403110664 -> 
  custom:video-decoder-webm-vp8: 9c59270c3fd7afecdb556c50c9e8de78 -> 
  custom:audio-decoder-ogg-vorbis: bf7c407c2cedff20999df2af8eb42d56 -> 
  custom:audio-encoder-webm-vorbis: bf7c407c2cedff20999df2af8eb42d56 -> 
========================================================================
Received Prepare
Registering precompiled user dll's ...
Registered in 0.056230 seconds.
Begin MonoManager ReloadAssembly
Native extension for WindowsStandalone target not found
Refreshing native plugins compatible for Editor in 1.67 ms, found 3 plugins.
Preloading 0 native plugins for Editor in 0.00 ms.
Mono: successfully reloaded assembly
- Completed reload, in  8.208 seconds
Platform modules already initialized, skipping
Refreshing native plugins compatible for Editor in 2.40 ms, found 3 plugins.
Preloading 0 native plugins for Editor in 0.00 ms.
Unloading 2083 Unused Serialized files (Serialized files now loaded: 0)
System memory in use before: 97.0 MB.
System memory in use after: 97.0 MB.

Unloading 21 unused Assets to reduce memory usage. Loaded Objects now: 2606.
Total: 14.346600 ms (FindLiveObjects: 1.220500 ms CreateObjectMapping: 0.697300 ms MarkObjects: 12.014600 ms  DeleteObjects: 0.408100 ms)

AssetImportParameters requested are different than current active one (requested -> active):
  custom:framework-win-MediaFoundation: 216162199b28c13a410421893ffa2e32 -> 
  custom:video-decoder-ogg-theora: a1e56fd34408186e4bbccfd4996cb3dc -> 
  custom:container-muxer-webm: aa71ff27fc2769a1b78a27578f13a17b -> 
  custom:container-demuxer-webm: 4f35f7cbe854078d1ac9338744f61a02 -> 
  custom:container-demuxer-ogg: 62fdf1f143b41e24485cea50d1cbac27 -> 
  custom:video-encoder-webm-vp8: eb34c28f22e8b96e1ab97ce403110664 -> 
  custom:video-decoder-webm-vp8: 9c59270c3fd7afecdb556c50c9e8de78 -> 
  custom:audio-decoder-ogg-vorbis: bf7c407c2cedff20999df2af8eb42d56 -> 
  custom:audio-encoder-webm-vorbis: bf7c407c2cedff20999df2af8eb42d56 -> 
========================================================================
Received Prepare
Registering precompiled user dll's ...
Registered in 0.066214 seconds.
Begin MonoManager ReloadAssembly
Native extension for WindowsStandalone target not found
Refreshing native plugins compatible for Editor in 2.51 ms, found 3 plugins.
Preloading 0 native plugins for Editor in 0.00 ms.
Mono: successfully reloaded assembly
- Completed reload, in 15.216 seconds
Platform modules already initialized, skipping
Refreshing native plugins compatible for Editor in 6.06 ms, found 3 plugins.
Preloading 0 native plugins for Editor in 0.00 ms.
Unloading 2083 Unused Serialized files (Serialized files now loaded: 0)
System memory in use before: 97.0 MB.
System memory in use after: 97.0 MB.

Unloading 21 unused Assets to reduce memory usage. Loaded Objects now: 2610.
Total: 11.796700 ms (FindLiveObjects: 0.949700 ms CreateObjectMapping: 0.496100 ms MarkObjects: 9.741200 ms  DeleteObjects: 0.603600 ms)

AssetImportParameters requested are different than current active one (requested -> active):
  custom:framework-win-MediaFoundation: 216162199b28c13a410421893ffa2e32 -> 
  custom:video-decoder-ogg-theora: a1e56fd34408186e4bbccfd4996cb3dc -> 
  custom:container-muxer-webm: aa71ff27fc2769a1b78a27578f13a17b -> 
  custom:container-demuxer-webm: 4f35f7cbe854078d1ac9338744f61a02 -> 
  custom:container-demuxer-ogg: 62fdf1f143b41e24485cea50d1cbac27 -> 
  custom:video-encoder-webm-vp8: eb34c28f22e8b96e1ab97ce403110664 -> 
  custom:video-decoder-webm-vp8: 9c59270c3fd7afecdb556c50c9e8de78 -> 
  custom:audio-decoder-ogg-vorbis: bf7c407c2cedff20999df2af8eb42d56 -> 
  custom:audio-encoder-webm-vorbis: bf7c407c2cedff20999df2af8eb42d56 -> 
========================================================================
Received Import Request.
  Time since last request: 975.364847 seconds.
  path: Assets/Script/CambiarScenes.cs
  artifactKey: Guid(854a67c8742098a41bfdc7a80c5e3799) Importer(815301076,1909f56bfc062723c751e8b465ee728b)
Start importing Assets/Script/CambiarScenes.cs using Guid(854a67c8742098a41bfdc7a80c5e3799) Importer(815301076,1909f56bfc062723c751e8b465ee728b)  -> (artifact id: 'f578a1649e3e57926eaef95fbd0dc8cf') in 0.028051 seconds 
  Import took 0.047954 seconds .

========================================================================
Received Prepare
Registering precompiled user dll's ...
Registered in 0.214142 seconds.
Begin MonoManager ReloadAssembly
Native extension for WindowsStandalone target not found
Refreshing native plugins compatible for Editor in 1.54 ms, found 3 plugins.
Preloading 0 native plugins for Editor in 0.00 ms.
Mono: successfully reloaded assembly
- Completed reload, in  6.981 seconds
Platform modules already initialized, skipping
Refreshing native plugins compatible for Editor in 6.57 ms, found 3 plugins.
Preloading 0 native plugins for Editor in 0.00 ms.
Unloading 2083 Unused Serialized files (Serialized files now loaded: 0)
System memory in use before: 97.0 MB.
System memory in use after: 97.0 MB.

Unloading 21 unused Assets to reduce memory usage. Loaded Objects now: 2614.
Total: 10.513800 ms (FindLiveObjects: 0.702900 ms CreateObjectMapping: 0.537700 ms MarkObjects: 8.649000 ms  DeleteObjects: 0.619400 ms)

AssetImportParameters requested are different than current active one (requested -> active):
  custom:framework-win-MediaFoundation: 216162199b28c13a410421893ffa2e32 -> 
  custom:video-decoder-ogg-theora: a1e56fd34408186e4bbccfd4996cb3dc -> 
  custom:container-muxer-webm: aa71ff27fc2769a1b78a27578f13a17b -> 
  custom:container-demuxer-webm: 4f35f7cbe854078d1ac9338744f61a02 -> 
  custom:container-demuxer-ogg: 62fdf1f143b41e24485cea50d1cbac27 -> 
  custom:video-encoder-webm-vp8: eb34c28f22e8b96e1ab97ce403110664 -> 
  custom:video-decoder-webm-vp8: 9c59270c3fd7afecdb556c50c9e8de78 -> 
  custom:audio-decoder-ogg-vorbis: bf7c407c2cedff20999df2af8eb42d56 -> 
  custom:audio-encoder-webm-vorbis: bf7c407c2cedff20999df2af8eb42d56 -> 
========================================================================
Received Prepare
Registering precompiled user dll's ...
Registered in 0.019015 seconds.
Begin MonoManager ReloadAssembly
Native extension for WindowsStandalone target not found
Refreshing native plugins compatible for Editor in 1.58 ms, found 3 plugins.
Preloading 0 native plugins for Editor in 0.00 ms.
Mono: successfully reloaded assembly
- Completed reload, in  5.426 seconds
Platform modules already initialized, skipping
Refreshing native plugins compatible for Editor in 2.56 ms, found 3 plugins.
Preloading 0 native plugins for Editor in 0.00 ms.
Unloading 2083 Unused Serialized files (Serialized files now loaded: 0)
System memory in use before: 97.0 MB.
System memory in use after: 97.0 MB.

Unloading 21 unused Assets to reduce memory usage. Loaded Objects now: 2618.
Total: 8.626300 ms (FindLiveObjects: 0.579100 ms CreateObjectMapping: 0.336500 ms MarkObjects: 7.316100 ms  DeleteObjects: 0.390300 ms)

AssetImportParameters requested are different than current active one (requested -> active):
  custom:framework-win-MediaFoundation: 216162199b28c13a410421893ffa2e32 -> 
  custom:video-decoder-ogg-theora: a1e56fd34408186e4bbccfd4996cb3dc -> 
  custom:container-muxer-webm: aa71ff27fc2769a1b78a27578f13a17b -> 
  custom:container-demuxer-webm: 4f35f7cbe854078d1ac9338744f61a02 -> 
  custom:container-demuxer-ogg: 62fdf1f143b41e24485cea50d1cbac27 -> 
  custom:video-encoder-webm-vp8: eb34c28f22e8b96e1ab97ce403110664 -> 
  custom:video-decoder-webm-vp8: 9c59270c3fd7afecdb556c50c9e8de78 -> 
  custom:audio-decoder-ogg-vorbis: bf7c407c2cedff20999df2af8eb42d56 -> 
  custom:audio-encoder-webm-vorbis: bf7c407c2cedff20999df2af8eb42d56 -> 
========================================================================
Received Prepare
Registering precompiled user dll's ...
Registered in 0.074294 seconds.
Begin MonoManager ReloadAssembly
Native extension for WindowsStandalone target not found
Refreshing native plugins compatible for Editor in 1.44 ms, found 3 plugins.
Preloading 0 native plugins for Editor in 0.00 ms.
Mono: successfully reloaded assembly
- Completed reload, in 11.959 seconds
Platform modules already initialized, skipping
Refreshing native plugins compatible for Editor in 2.63 ms, found 3 plugins.
Preloading 0 native plugins for Editor in 0.00 ms.
Unloading 2083 Unused Serialized files (Serialized files now loaded: 0)
System memory in use before: 97.0 MB.
System memory in use after: 97.0 MB.

Unloading 21 unused Assets to reduce memory usage. Loaded Objects now: 2622.
Total: 11.516500 ms (FindLiveObjects: 0.894200 ms CreateObjectMapping: 0.530600 ms MarkObjects: 9.658200 ms  DeleteObjects: 0.428700 ms)

AssetImportParameters requested are different than current active one (requested -> active):
  custom:framework-win-MediaFoundation: 216162199b28c13a410421893ffa2e32 -> 
  custom:video-decoder-ogg-theora: a1e56fd34408186e4bbccfd4996cb3dc -> 
  custom:container-muxer-webm: aa71ff27fc2769a1b78a27578f13a17b -> 
  custom:container-demuxer-webm: 4f35f7cbe854078d1ac9338744f61a02 -> 
  custom:container-demuxer-ogg: 62fdf1f143b41e24485cea50d1cbac27 -> 
  custom:video-encoder-webm-vp8: eb34c28f22e8b96e1ab97ce403110664 -> 
  custom:video-decoder-webm-vp8: 9c59270c3fd7afecdb556c50c9e8de78 -> 
  custom:audio-decoder-ogg-vorbis: bf7c407c2cedff20999df2af8eb42d56 -> 
  custom:audio-encoder-webm-vorbis: bf7c407c2cedff20999df2af8eb42d56 -> 
========================================================================
Received Import Request.
  Time since last request: 514.040023 seconds.
  path: Assets/Scenes/Juego.unity
  artifactKey: Guid(34769e5447195034b8c349b011ce51ef) Importer(815301076,1909f56bfc062723c751e8b465ee728b)
Start importing Assets/Scenes/Juego.unity using Guid(34769e5447195034b8c349b011ce51ef) Importer(815301076,1909f56bfc062723c751e8b465ee728b)  -> (artifact id: '89ebeb624b671f5e1346caf821e6ad51') in 0.083910 seconds 
  Import took 0.103075 seconds .

========================================================================
Received Import Request.
  Time since last request: 41.871176 seconds.
  path: Assets/Scenes/PantallaPrincipal.unity
  artifactKey: Guid(2cda990e2423bbf4892e6590ba056729) Importer(815301076,1909f56bfc062723c751e8b465ee728b)
Start importing Assets/Scenes/PantallaPrincipal.unity using Guid(2cda990e2423bbf4892e6590ba056729) Importer(815301076,1909f56bfc062723c751e8b465ee728b)  -> (artifact id: 'fc6c19de3d418ad87f7f00bdebe114b2') in 0.043600 seconds 
  Import took 0.071647 seconds .

========================================================================
Received Prepare
Registering precompiled user dll's ...
Registered in 0.023479 seconds.
Begin MonoManager ReloadAssembly
Native extension for WindowsStandalone target not found
Refreshing native plugins compatible for Editor in 1.66 ms, found 3 plugins.
Preloading 0 native plugins for Editor in 0.00 ms.
Mono: successfully reloaded assembly
- Completed reload, in  5.408 seconds
Platform modules already initialized, skipping
Refreshing native plugins compatible for Editor in 2.78 ms, found 3 plugins.
Preloading 0 native plugins for Editor in 0.00 ms.
Unloading 2083 Unused Serialized files (Serialized files now loaded: 0)
System memory in use before: 97.0 MB.
System memory in use after: 97.0 MB.

Unloading 21 unused Assets to reduce memory usage. Loaded Objects now: 2626.
Total: 10.077700 ms (FindLiveObjects: 0.614200 ms CreateObjectMapping: 0.338900 ms MarkObjects: 8.711500 ms  DeleteObjects: 0.409000 ms)

AssetImportParameters requested are different than current active one (requested -> active):
  custom:framework-win-MediaFoundation: 216162199b28c13a410421893ffa2e32 -> 
  custom:video-decoder-ogg-theora: a1e56fd34408186e4bbccfd4996cb3dc -> 
  custom:container-muxer-webm: aa71ff27fc2769a1b78a27578f13a17b -> 
  custom:container-demuxer-webm: 4f35f7cbe854078d1ac9338744f61a02 -> 
  custom:container-demuxer-ogg: 62fdf1f143b41e24485cea50d1cbac27 -> 
  custom:video-encoder-webm-vp8: eb34c28f22e8b96e1ab97ce403110664 -> 
  custom:video-decoder-webm-vp8: 9c59270c3fd7afecdb556c50c9e8de78 -> 
  custom:audio-decoder-ogg-vorbis: bf7c407c2cedff20999df2af8eb42d56 -> 
  custom:audio-encoder-webm-vorbis: bf7c407c2cedff20999df2af8eb42d56 -> 
========================================================================
Received Import Request.
  Time since last request: 11.172287 seconds.
  path: Assets/Scenes/CambiarEscena.prefab
  artifactKey: Guid(3c53c0803cd951047b7361aae7d514ee) Importer(815301076,1909f56bfc062723c751e8b465ee728b)
Start importing Assets/Scenes/CambiarEscena.prefab using Guid(3c53c0803cd951047b7361aae7d514ee) Importer(815301076,1909f56bfc062723c751e8b465ee728b)  -> (artifact id: 'c41025a512d760fe14cf0ec3c0510b3c') in 0.174032 seconds 
  Import took 0.196620 seconds .

========================================================================
Received Import Request.
  Time since last request: 0.038170 seconds.
  path: Assets/Scenes/CambiarEscena.prefab
  artifactKey: Guid(3c53c0803cd951047b7361aae7d514ee) Importer(815301076,1909f56bfc062723c751e8b465ee728b)
Start importing Assets/Scenes/CambiarEscena.prefab using Guid(3c53c0803cd951047b7361aae7d514ee) Importer(815301076,1909f56bfc062723c751e8b465ee728b)  -> (artifact id: 'c41025a512d760fe14cf0ec3c0510b3c') in 0.044188 seconds 
  Import took 0.071027 seconds .

========================================================================
Received Import Request.
  Time since last request: 160.197002 seconds.
  path: Assets/Scenes/Juego.unity
  artifactKey: Guid(34769e5447195034b8c349b011ce51ef) Importer(815301076,1909f56bfc062723c751e8b465ee728b)
Start importing Assets/Scenes/Juego.unity using Guid(34769e5447195034b8c349b011ce51ef) Importer(815301076,1909f56bfc062723c751e8b465ee728b)  -> (artifact id: 'bf7b2ac587bde70c04392f0ddd05d281') in 0.016325 seconds 
  Import took 0.039666 seconds .

========================================================================
Received Prepare
Registering precompiled user dll's ...
Registered in 0.020303 seconds.
Begin MonoManager ReloadAssembly
Native extension for WindowsStandalone target not found
Refreshing native plugins compatible for Editor in 1.55 ms, found 3 plugins.
Preloading 0 native plugins for Editor in 0.00 ms.
Mono: successfully reloaded assembly
- Completed reload, in  5.203 seconds
Platform modules already initialized, skipping
Refreshing native plugins compatible for Editor in 8.66 ms, found 3 plugins.
Preloading 0 native plugins for Editor in 0.00 ms.
Unloading 2083 Unused Serialized files (Serialized files now loaded: 0)
System memory in use before: 97.1 MB.
System memory in use after: 97.0 MB.

Unloading 21 unused Assets to reduce memory usage. Loaded Objects now: 2630.
Total: 9.366300 ms (FindLiveObjects: 0.689400 ms CreateObjectMapping: 0.498500 ms MarkObjects: 7.790300 ms  DeleteObjects: 0.384200 ms)

AssetImportParameters requested are different than current active one (requested -> active):
  custom:framework-win-MediaFoundation: 216162199b28c13a410421893ffa2e32 -> 
  custom:video-decoder-ogg-theora: a1e56fd34408186e4bbccfd4996cb3dc -> 
  custom:container-muxer-webm: aa71ff27fc2769a1b78a27578f13a17b -> 
  custom:container-demuxer-webm: 4f35f7cbe854078d1ac9338744f61a02 -> 
  custom:container-demuxer-ogg: 62fdf1f143b41e24485cea50d1cbac27 -> 
  custom:video-encoder-webm-vp8: eb34c28f22e8b96e1ab97ce403110664 -> 
  custom:video-decoder-webm-vp8: 9c59270c3fd7afecdb556c50c9e8de78 -> 
  custom:audio-decoder-ogg-vorbis: bf7c407c2cedff20999df2af8eb42d56 -> 
  custom:audio-encoder-webm-vorbis: bf7c407c2cedff20999df2af8eb42d56 -> 
========================================================================
Received Import Request.
  Time since last request: 153.397849 seconds.
  path: Assets/Scenes/PantallaPrincipal.unity
  artifactKey: Guid(2cda990e2423bbf4892e6590ba056729) Importer(815301076,1909f56bfc062723c751e8b465ee728b)
Start importing Assets/Scenes/PantallaPrincipal.unity using Guid(2cda990e2423bbf4892e6590ba056729) Importer(815301076,1909f56bfc062723c751e8b465ee728b)  -> (artifact id: '516ef827c19e289f0406e749535667e2') in 0.075190 seconds 
  Import took 0.091594 seconds .

========================================================================
Received Import Request.
  Time since last request: 5.965119 seconds.
  path: Assets/Scenes/Juego.unity
  artifactKey: Guid(34769e5447195034b8c349b011ce51ef) Importer(815301076,1909f56bfc062723c751e8b465ee728b)
Start importing Assets/Scenes/Juego.unity using Guid(34769e5447195034b8c349b011ce51ef) Importer(815301076,1909f56bfc062723c751e8b465ee728b)  -> (artifact id: '54db426e2ba60fe6a056a0352cca088f') in 0.014745 seconds 
  Import took 0.037458 seconds .

========================================================================
Received Prepare
Registering precompiled user dll's ...
Registered in 0.020204 seconds.
Begin MonoManager ReloadAssembly
Native extension for WindowsStandalone target not found
Refreshing native plugins compatible for Editor in 1.68 ms, found 3 plugins.
Preloading 0 native plugins for Editor in 0.00 ms.
Mono: successfully reloaded assembly
- Completed reload, in  5.311 seconds
Platform modules already initialized, skipping
Refreshing native plugins compatible for Editor in 8.28 ms, found 3 plugins.
Preloading 0 native plugins for Editor in 0.00 ms.
Unloading 2083 Unused Serialized files (Serialized files now loaded: 0)
System memory in use before: 97.1 MB.
System memory in use after: 97.1 MB.

Unloading 21 unused Assets to reduce memory usage. Loaded Objects now: 2634.
Total: 10.669400 ms (FindLiveObjects: 0.614700 ms CreateObjectMapping: 0.444900 ms MarkObjects: 9.043600 ms  DeleteObjects: 0.561400 ms)

AssetImportParameters requested are different than current active one (requested -> active):
  custom:framework-win-MediaFoundation: 216162199b28c13a410421893ffa2e32 -> 
  custom:video-decoder-ogg-theora: a1e56fd34408186e4bbccfd4996cb3dc -> 
  custom:container-muxer-webm: aa71ff27fc2769a1b78a27578f13a17b -> 
  custom:container-demuxer-webm: 4f35f7cbe854078d1ac9338744f61a02 -> 
  custom:container-demuxer-ogg: 62fdf1f143b41e24485cea50d1cbac27 -> 
  custom:video-encoder-webm-vp8: eb34c28f22e8b96e1ab97ce403110664 -> 
  custom:video-decoder-webm-vp8: 9c59270c3fd7afecdb556c50c9e8de78 -> 
  custom:audio-decoder-ogg-vorbis: bf7c407c2cedff20999df2af8eb42d56 -> 
  custom:audio-encoder-webm-vorbis: bf7c407c2cedff20999df2af8eb42d56 -> 
========================================================================
Received Import Request.
  Time since last request: 93.731334 seconds.
  path: Assets/Scenes/Juego.unity
  artifactKey: Guid(34769e5447195034b8c349b011ce51ef) Importer(815301076,1909f56bfc062723c751e8b465ee728b)
Start importing Assets/Scenes/Juego.unity using Guid(34769e5447195034b8c349b011ce51ef) Importer(815301076,1909f56bfc062723c751e8b465ee728b)  -> (artifact id: '911d9a0903595c4aaca8109cee316209') in 0.091358 seconds 
  Import took 0.107538 seconds .

========================================================================
Received Prepare
Registering precompiled user dll's ...
Registered in 0.028441 seconds.
Begin MonoManager ReloadAssembly
Native extension for WindowsStandalone target not found
Refreshing native plugins compatible for Editor in 1.54 ms, found 3 plugins.
Preloading 0 native plugins for Editor in 0.00 ms.
Mono: successfully reloaded assembly
- Completed reload, in  6.495 seconds
Platform modules already initialized, skipping
Refreshing native plugins compatible for Editor in 3.41 ms, found 3 plugins.
Preloading 0 native plugins for Editor in 0.00 ms.
Unloading 2083 Unused Serialized files (Serialized files now loaded: 0)
System memory in use before: 97.1 MB.
System memory in use after: 97.1 MB.

Unloading 21 unused Assets to reduce memory usage. Loaded Objects now: 2638.
Total: 8.486100 ms (FindLiveObjects: 0.555500 ms CreateObjectMapping: 0.361300 ms MarkObjects: 7.178000 ms  DeleteObjects: 0.387700 ms)

AssetImportParameters requested are different than current active one (requested -> active):
  custom:framework-win-MediaFoundation: 216162199b28c13a410421893ffa2e32 -> 
  custom:video-decoder-ogg-theora: a1e56fd34408186e4bbccfd4996cb3dc -> 
  custom:container-muxer-webm: aa71ff27fc2769a1b78a27578f13a17b -> 
  custom:container-demuxer-webm: 4f35f7cbe854078d1ac9338744f61a02 -> 
  custom:container-demuxer-ogg: 62fdf1f143b41e24485cea50d1cbac27 -> 
  custom:video-encoder-webm-vp8: eb34c28f22e8b96e1ab97ce403110664 -> 
  custom:video-decoder-webm-vp8: 9c59270c3fd7afecdb556c50c9e8de78 -> 
  custom:audio-decoder-ogg-vorbis: bf7c407c2cedff20999df2af8eb42d56 -> 
  custom:audio-encoder-webm-vorbis: bf7c407c2cedff20999df2af8eb42d56 -> 
========================================================================
Received Prepare
Registering precompiled user dll's ...
Registered in 0.024041 seconds.
Begin MonoManager ReloadAssembly
Native extension for WindowsStandalone target not found
Refreshing native plugins compatible for Editor in 6.86 ms, found 3 plugins.
Preloading 0 native plugins for Editor in 0.00 ms.
Mono: successfully reloaded assembly
- Completed reload, in  7.492 seconds
Platform modules already initialized, skipping
Refreshing native plugins compatible for Editor in 3.07 ms, found 3 plugins.
Preloading 0 native plugins for Editor in 0.00 ms.
Unloading 2083 Unused Serialized files (Serialized files now loaded: 0)
System memory in use before: 97.1 MB.
System memory in use after: 97.1 MB.

Unloading 21 unused Assets to reduce memory usage. Loaded Objects now: 2642.
Total: 12.217000 ms (FindLiveObjects: 1.958100 ms CreateObjectMapping: 0.799100 ms MarkObjects: 8.852600 ms  DeleteObjects: 0.601100 ms)

AssetImportParameters requested are different than current active one (requested -> active):
  custom:framework-win-MediaFoundation: 216162199b28c13a410421893ffa2e32 -> 
  custom:video-decoder-ogg-theora: a1e56fd34408186e4bbccfd4996cb3dc -> 
  custom:container-muxer-webm: aa71ff27fc2769a1b78a27578f13a17b -> 
  custom:container-demuxer-webm: 4f35f7cbe854078d1ac9338744f61a02 -> 
  custom:container-demuxer-ogg: 62fdf1f143b41e24485cea50d1cbac27 -> 
  custom:video-encoder-webm-vp8: eb34c28f22e8b96e1ab97ce403110664 -> 
  custom:video-decoder-webm-vp8: 9c59270c3fd7afecdb556c50c9e8de78 -> 
  custom:audio-decoder-ogg-vorbis: bf7c407c2cedff20999df2af8eb42d56 -> 
  custom:audio-encoder-webm-vorbis: bf7c407c2cedff20999df2af8eb42d56 -> 
========================================================================
Received Prepare
Registering precompiled user dll's ...
Registered in 0.021595 seconds.
Begin MonoManager ReloadAssembly
Native extension for WindowsStandalone target not found
Refreshing native plugins compatible for Editor in 2.59 ms, found 3 plugins.
Preloading 0 native plugins for Editor in 0.00 ms.
Mono: successfully reloaded assembly
- Completed reload, in  7.448 seconds
Platform modules already initialized, skipping
Refreshing native plugins compatible for Editor in 2.46 ms, found 3 plugins.
Preloading 0 native plugins for Editor in 0.00 ms.
Unloading 2083 Unused Serialized files (Serialized files now loaded: 0)
System memory in use before: 97.1 MB.
System memory in use after: 97.1 MB.

Unloading 21 unused Assets to reduce memory usage. Loaded Objects now: 2646.
Total: 14.320000 ms (FindLiveObjects: 0.753900 ms CreateObjectMapping: 0.576000 ms MarkObjects: 12.601800 ms  DeleteObjects: 0.383700 ms)

AssetImportParameters requested are different than current active one (requested -> active):
  custom:framework-win-MediaFoundation: 216162199b28c13a410421893ffa2e32 -> 
  custom:video-decoder-ogg-theora: a1e56fd34408186e4bbccfd4996cb3dc -> 
  custom:container-muxer-webm: aa71ff27fc2769a1b78a27578f13a17b -> 
  custom:container-demuxer-webm: 4f35f7cbe854078d1ac9338744f61a02 -> 
  custom:container-demuxer-ogg: 62fdf1f143b41e24485cea50d1cbac27 -> 
  custom:video-encoder-webm-vp8: eb34c28f22e8b96e1ab97ce403110664 -> 
  custom:video-decoder-webm-vp8: 9c59270c3fd7afecdb556c50c9e8de78 -> 
  custom:audio-decoder-ogg-vorbis: bf7c407c2cedff20999df2af8eb42d56 -> 
  custom:audio-encoder-webm-vorbis: bf7c407c2cedff20999df2af8eb42d56 -> 
========================================================================
Received Prepare
Registering precompiled user dll's ...
Registered in 0.020788 seconds.
Begin MonoManager ReloadAssembly
Native extension for WindowsStandalone target not found
Refreshing native plugins compatible for Editor in 1.91 ms, found 3 plugins.
Preloading 0 native plugins for Editor in 0.00 ms.
Mono: successfully reloaded assembly
- Completed reload, in  5.107 seconds
Platform modules already initialized, skipping
Refreshing native plugins compatible for Editor in 2.46 ms, found 3 plugins.
Preloading 0 native plugins for Editor in 0.00 ms.
Unloading 2083 Unused Serialized files (Serialized files now loaded: 0)
System memory in use before: 97.1 MB.
System memory in use after: 97.1 MB.

Unloading 21 unused Assets to reduce memory usage. Loaded Objects now: 2650.
Total: 8.946000 ms (FindLiveObjects: 0.742300 ms CreateObjectMapping: 0.484500 ms MarkObjects: 7.320900 ms  DeleteObjects: 0.393700 ms)

AssetImportParameters requested are different than current active one (requested -> active):
  custom:framework-win-MediaFoundation: 216162199b28c13a410421893ffa2e32 -> 
  custom:video-decoder-ogg-theora: a1e56fd34408186e4bbccfd4996cb3dc -> 
  custom:container-muxer-webm: aa71ff27fc2769a1b78a27578f13a17b -> 
  custom:container-demuxer-webm: 4f35f7cbe854078d1ac9338744f61a02 -> 
  custom:container-demuxer-ogg: 62fdf1f143b41e24485cea50d1cbac27 -> 
  custom:video-encoder-webm-vp8: eb34c28f22e8b96e1ab97ce403110664 -> 
  custom:video-decoder-webm-vp8: 9c59270c3fd7afecdb556c50c9e8de78 -> 
  custom:audio-decoder-ogg-vorbis: bf7c407c2cedff20999df2af8eb42d56 -> 
  custom:audio-encoder-webm-vorbis: bf7c407c2cedff20999df2af8eb42d56 -> 
========================================================================
Received Prepare
Registering precompiled user dll's ...
Registered in 0.041820 seconds.
Begin MonoManager ReloadAssembly
Native extension for WindowsStandalone target not found
Refreshing native plugins compatible for Editor in 2.36 ms, found 3 plugins.
Preloading 0 native plugins for Editor in 0.00 ms.
Mono: successfully reloaded assembly
- Completed reload, in 10.505 seconds
Platform modules already initialized, skipping
Refreshing native plugins compatible for Editor in 8.86 ms, found 3 plugins.
Preloading 0 native plugins for Editor in 0.00 ms.
Unloading 2083 Unused Serialized files (Serialized files now loaded: 0)
System memory in use before: 97.1 MB.
System memory in use after: 97.1 MB.

Unloading 21 unused Assets to reduce memory usage. Loaded Objects now: 2654.
Total: 15.970500 ms (FindLiveObjects: 1.359900 ms CreateObjectMapping: 0.653200 ms MarkObjects: 13.268700 ms  DeleteObjects: 0.682800 ms)

AssetImportParameters requested are different than current active one (requested -> active):
  custom:framework-win-MediaFoundation: 216162199b28c13a410421893ffa2e32 -> 
  custom:video-decoder-ogg-theora: a1e56fd34408186e4bbccfd4996cb3dc -> 
  custom:container-muxer-webm: aa71ff27fc2769a1b78a27578f13a17b -> 
  custom:container-demuxer-webm: 4f35f7cbe854078d1ac9338744f61a02 -> 
  custom:container-demuxer-ogg: 62fdf1f143b41e24485cea50d1cbac27 -> 
  custom:video-encoder-webm-vp8: eb34c28f22e8b96e1ab97ce403110664 -> 
  custom:video-decoder-webm-vp8: 9c59270c3fd7afecdb556c50c9e8de78 -> 
  custom:audio-decoder-ogg-vorbis: bf7c407c2cedff20999df2af8eb42d56 -> 
  custom:audio-encoder-webm-vorbis: bf7c407c2cedff20999df2af8eb42d56 -> 
AssetImportWorkerClient::OnTransportError - code=2 error=End of file
